# JRE version: OpenJDK Runtime Environment Temurin-17.0.2+8 (17.0.2+8) (build 17.0.2+8)
# Java VM: OpenJDK 64-Bit Server VM Temurin-17.0.2+8 (17.0.2+8, mixed mode, sharing, tiered, compressed oops, compressed class ptrs, g1 gc, windows-amd64)
GC Precious Log:
 CPUs: 16 total, 16 available
 Memory: 32717M
 Large Page Support: Disabled
 NUMA Support: Disabled
 Compressed Oops: Enabled (Zero based)
 Heap Region Size: 8M
 Heap Min Capacity: 160M
 Heap Initial Capacity: 160M
 Heap Max Capacity: 16000M
 Pre-touch: Disabled
 Parallel Workers: 13
 Concurrent Workers: 3
 Concurrent Refinement Workers: 13
 Periodic GC: Disabled
Heap:
 garbage-first heap   total 2801664K, used 2481548K [0x0000000418000000, 0x0000000800000000)
  region size 8192K, 38 young (311296K), 3 survivors (24576K)
 Metaspace       used 197394K, committed 198912K, reserved 1220608K
  class space    used 30224K, committed 30912K, reserved 1048576K
GC Heap History (20 events):
Event: 474.020 GC heap after
{Heap after GC invocations=193 (full 0):
 garbage-first heap   total 2801664K, used 2195004K [0x0000000418000000, 0x0000000800000000)
  region size 8192K, 3 young (24576K), 3 survivors (24576K)
 Metaspace       used 197354K, committed 198912K, reserved 1220608K
  class space    used 30219K, committed 30912K, reserved 1048576K
}
Event: 475.767 GC heap before
{Heap before GC invocations=193 (full 0):
 garbage-first heap   total 2801664K, used 2473532K [0x0000000418000000, 0x0000000800000000)
  region size 8192K, 37 young (303104K), 3 survivors (24576K)
 Metaspace       used 197369K, committed 198912K, reserved 1220608K
  class space    used 30219K, committed 30912K, reserved 1048576K
}
Event: 475.769 GC heap after
{Heap after GC invocations=194 (full 0):
 garbage-first heap   total 2801664K, used 2195171K [0x0000000418000000, 0x0000000800000000)
  region size 8192K, 3 young (24576K), 3 survivors (24576K)
 Metaspace       used 197369K, committed 198912K, reserved 1220608K
  class space    used 30219K, committed 30912K, reserved 1048576K
}
Event: 477.385 GC heap before
{Heap before GC invocations=194 (full 0):
 garbage-first heap   total 2801664K, used 2473699K [0x0000000418000000, 0x0000000800000000)
  region size 8192K, 37 young (303104K), 3 survivors (24576K)
 Metaspace       used 197369K, committed 198912K, reserved 1220608K
  class space    used 30219K, committed 30912K, reserved 1048576K
}
Event: 477.387 GC heap after
{Heap after GC invocations=195 (full 0):
 garbage-first heap   total 2801664K, used 2194969K [0x0000000418000000, 0x0000000800000000)
  region size 8192K, 3 young (24576K), 3 survivors (24576K)
 Metaspace       used 197369K, committed 198912K, reserved 1220608K
  class space    used 30219K, committed 30912K, reserved 1048576K
}
Event: 479.541 GC heap before
{Heap before GC invocations=195 (full 0):
 garbage-first heap   total 2801664K, used 2473497K [0x0000000418000000, 0x0000000800000000)
  region size 8192K, 37 young (303104K), 3 survivors (24576K)
 Metaspace       used 197369K, committed 198912K, reserved 1220608K
  class space    used 30219K, committed 30912K, reserved 1048576K
}
Event: 479.544 GC heap after
{Heap after GC invocations=196 (full 0):
 garbage-first heap   total 2801664K, used 2193766K [0x0000000418000000, 0x0000000800000000)
  region size 8192K, 3 young (24576K), 3 survivors (24576K)
 Metaspace       used 197369K, committed 198912K, reserved 1220608K
  class space    used 30219K, committed 30912K, reserved 1048576K
}
Event: 481.194 GC heap before
{Heap before GC invocations=196 (full 0):
 garbage-first heap   total 2801664K, used 2480486K [0x0000000418000000, 0x0000000800000000)
  region size 8192K, 38 young (311296K), 3 survivors (24576K)
 Metaspace       used 197373K, committed 198912K, reserved 1220608K
  class space    used 30219K, committed 30912K, reserved 1048576K
}
Event: 481.197 GC heap after
{Heap after GC invocations=197 (full 0):
 garbage-first heap   total 2801664K, used 2194811K [0x0000000418000000, 0x0000000800000000)
  region size 8192K, 3 young (24576K), 3 survivors (24576K)
 Metaspace       used 197373K, committed 198912K, reserved 1220608K
  class space    used 30219K, committed 30912K, reserved 1048576K
}
Event: 484.352 GC heap before
{Heap before GC invocations=197 (full 0):
 garbage-first heap   total 2801664K, used 2481531K [0x0000000418000000, 0x0000000800000000)
  region size 8192K, 38 young (311296K), 3 survivors (24576K)
 Metaspace       used 197373K, committed 198912K, reserved 1220608K
  class space    used 30219K, committed 30912K, reserved 1048576K
}
Event: 484.355 GC heap after
{Heap after GC invocations=198 (full 0):
 garbage-first heap   total 2801664K, used 2195208K [0x0000000418000000, 0x0000000800000000)
  region size 8192K, 3 young (24576K), 3 survivors (24576K)
 Metaspace       used 197373K, committed 198912K, reserved 1220608K
  class space    used 30219K, committed 30912K, reserved 1048576K
}
Event: 487.195 GC heap before
{Heap before GC invocations=198 (full 0):
 garbage-first heap   total 2801664K, used 2481928K [0x0000000418000000, 0x0000000800000000)
  region size 8192K, 38 young (311296K), 3 survivors (24576K)
 Metaspace       used 197389K, committed 198912K, reserved 1220608K
  class space    used 30224K, committed 30912K, reserved 1048576K
}
Event: 487.198 GC heap after
{Heap after GC invocations=199 (full 0):
 garbage-first heap   total 2801664K, used 2194395K [0x0000000418000000, 0x0000000800000000)
  region size 8192K, 3 young (24576K), 3 survivors (24576K)
 Metaspace       used 197389K, committed 198912K, reserved 1220608K
  class space    used 30224K, committed 30912K, reserved 1048576K
}
Event: 489.361 GC heap before
{Heap before GC invocations=199 (full 0):
 garbage-first heap   total 2801664K, used 2481115K [0x0000000418000000, 0x0000000800000000)
  region size 8192K, 38 young (311296K), 3 survivors (24576K)
 Metaspace       used 197389K, committed 198912K, reserved 1220608K
  class space    used 30224K, committed 30912K, reserved 1048576K
}
Event: 489.364 GC heap after
{Heap after GC invocations=200 (full 0):
 garbage-first heap   total 2801664K, used 2194304K [0x0000000418000000, 0x0000000800000000)
  region size 8192K, 3 young (24576K), 3 survivors (24576K)
 Metaspace       used 197389K, committed 198912K, reserved 1220608K
  class space    used 30224K, committed 30912K, reserved 1048576K
}
Event: 491.217 GC heap before
{Heap before GC invocations=200 (full 0):
 garbage-first heap   total 2801664K, used 2481024K [0x0000000418000000, 0x0000000800000000)
  region size 8192K, 38 young (311296K), 3 survivors (24576K)
 Metaspace       used 197391K, committed 198912K, reserved 1220608K
  class space    used 30224K, committed 30912K, reserved 1048576K
}
Event: 491.220 GC heap after
{Heap after GC invocations=201 (full 0):
 garbage-first heap   total 2801664K, used 2194559K [0x0000000418000000, 0x0000000800000000)
  region size 8192K, 3 young (24576K), 3 survivors (24576K)
 Metaspace       used 197391K, committed 198912K, reserved 1220608K
  class space    used 30224K, committed 30912K, reserved 1048576K
}
Event: 493.459 GC heap before
{Heap before GC invocations=201 (full 0):
 garbage-first heap   total 2801664K, used 2481279K [0x0000000418000000, 0x0000000800000000)
  region size 8192K, 38 young (311296K), 3 survivors (24576K)
 Metaspace       used 197391K, committed 198912K, reserved 1220608K
  class space    used 30224K, committed 30912K, reserved 1048576K
}
Event: 493.462 GC heap after
{Heap after GC invocations=202 (full 0):
 garbage-first heap   total 2801664K, used 2194828K [0x0000000418000000, 0x0000000800000000)
  region size 8192K, 3 young (24576K), 3 survivors (24576K)
 Metaspace       used 197391K, committed 198912K, reserved 1220608K
  class space    used 30224K, committed 30912K, reserved 1048576K
}
Event: 496.200 GC heap before
{Heap before GC invocations=202 (full 0):
 garbage-first heap   total 2801664K, used 2481548K [0x0000000418000000, 0x0000000800000000)
  region size 8192K, 38 young (311296K), 3 survivors (24576K)
 Metaspace       used 197394K, committed 198912K, reserved 1220608K
  class space    used 30224K, committed 30912K, reserved 1048576K
}

