# JRE version: OpenJDK Runtime Environment Temurin-17.0.2+8 (17.0.2+8) (build 17.0.2+8)
# Java VM: OpenJDK 64-Bit Server VM Temurin-17.0.2+8 (17.0.2+8, mixed mode, sharing, tiered, compressed oops, compressed class ptrs, g1 gc, windows-amd64)
GC Precious Log:
 CPUs: 16 total, 16 available
 Memory: 32717M
 Large Page Support: Disabled
 NUMA Support: Disabled
 Compressed Oops: Enabled (Zero based)
 Heap Region Size: 8M
 Heap Min Capacity: 160M
 Heap Initial Capacity: 160M
 Heap Max Capacity: 16000M
 Pre-touch: Disabled
 Parallel Workers: 13
 Concurrent Workers: 3
 Concurrent Refinement Workers: 13
 Periodic GC: Disabled
Heap:
 garbage-first heap   total 2981888K, used 2660019K [0x0000000418000000, 0x0000000800000000)
  region size 8192K, 51 young (417792K), 1 survivors (8192K)
 Metaspace       used 206149K, committed 207808K, reserved 1228800K
  class space    used 31240K, committed 32000K, reserved 1048576K
GC Heap History (20 events):
Event: 2940.106 GC heap after
{Heap after GC invocations=648 (full 0):
 garbage-first heap   total 2981888K, used 2249352K [0x0000000418000000, 0x0000000800000000)
  region size 8192K, 1 young (8192K), 1 survivors (8192K)
 Metaspace       used 206116K, committed 207744K, reserved 1228800K
  class space    used 31240K, committed 32000K, reserved 1048576K
}
Event: 2943.690 GC heap before
{Heap before GC invocations=648 (full 0):
 garbage-first heap   total 2981888K, used 2658952K [0x0000000418000000, 0x0000000800000000)
  region size 8192K, 51 young (417792K), 1 survivors (8192K)
 Metaspace       used 206116K, committed 207744K, reserved 1228800K
  class space    used 31240K, committed 32000K, reserved 1048576K
}
Event: 2943.691 GC heap after
{Heap after GC invocations=649 (full 0):
 garbage-first heap   total 2981888K, used 2249422K [0x0000000418000000, 0x0000000800000000)
  region size 8192K, 1 young (8192K), 1 survivors (8192K)
 Metaspace       used 206116K, committed 207744K, reserved 1228800K
  class space    used 31240K, committed 32000K, reserved 1048576K
}
Event: 2946.921 GC heap before
{Heap before GC invocations=649 (full 0):
 garbage-first heap   total 2981888K, used 2659022K [0x0000000418000000, 0x0000000800000000)
  region size 8192K, 51 young (417792K), 1 survivors (8192K)
 Metaspace       used 206116K, committed 207744K, reserved 1228800K
  class space    used 31240K, committed 32000K, reserved 1048576K
}
Event: 2946.922 GC heap after
{Heap after GC invocations=650 (full 0):
 garbage-first heap   total 2981888K, used 2249656K [0x0000000418000000, 0x0000000800000000)
  region size 8192K, 1 young (8192K), 1 survivors (8192K)
 Metaspace       used 206116K, committed 207744K, reserved 1228800K
  class space    used 31240K, committed 32000K, reserved 1048576K
}
Event: 2949.884 GC heap before
{Heap before GC invocations=650 (full 0):
 garbage-first heap   total 2981888K, used 2659256K [0x0000000418000000, 0x0000000800000000)
  region size 8192K, 51 young (417792K), 1 survivors (8192K)
 Metaspace       used 206148K, committed 207808K, reserved 1228800K
  class space    used 31240K, committed 32000K, reserved 1048576K
}
Event: 2949.885 GC heap after
{Heap after GC invocations=651 (full 0):
 garbage-first heap   total 2981888K, used 2249761K [0x0000000418000000, 0x0000000800000000)
  region size 8192K, 1 young (8192K), 1 survivors (8192K)
 Metaspace       used 206148K, committed 207808K, reserved 1228800K
  class space    used 31240K, committed 32000K, reserved 1048576K
}
Event: 2952.934 GC heap before
{Heap before GC invocations=651 (full 0):
 garbage-first heap   total 2981888K, used 2659361K [0x0000000418000000, 0x0000000800000000)
  region size 8192K, 51 young (417792K), 1 survivors (8192K)
 Metaspace       used 206148K, committed 207808K, reserved 1228800K
  class space    used 31240K, committed 32000K, reserved 1048576K
}
Event: 2952.935 GC heap after
{Heap after GC invocations=652 (full 0):
 garbage-first heap   total 2981888K, used 2249889K [0x0000000418000000, 0x0000000800000000)
  region size 8192K, 1 young (8192K), 1 survivors (8192K)
 Metaspace       used 206148K, committed 207808K, reserved 1228800K
  class space    used 31240K, committed 32000K, reserved 1048576K
}
Event: 2955.846 GC heap before
{Heap before GC invocations=652 (full 0):
 garbage-first heap   total 2981888K, used 2659489K [0x0000000418000000, 0x0000000800000000)
  region size 8192K, 51 young (417792K), 1 survivors (8192K)
 Metaspace       used 206148K, committed 207808K, reserved 1228800K
  class space    used 31240K, committed 32000K, reserved 1048576K
}
Event: 2955.847 GC heap after
{Heap after GC invocations=653 (full 0):
 garbage-first heap   total 2981888K, used 2249923K [0x0000000418000000, 0x0000000800000000)
  region size 8192K, 1 young (8192K), 1 survivors (8192K)
 Metaspace       used 206148K, committed 207808K, reserved 1228800K
  class space    used 31240K, committed 32000K, reserved 1048576K
}
Event: 2958.700 GC heap before
{Heap before GC invocations=653 (full 0):
 garbage-first heap   total 2981888K, used 2659523K [0x0000000418000000, 0x0000000800000000)
  region size 8192K, 51 young (417792K), 1 survivors (8192K)
 Metaspace       used 206148K, committed 207808K, reserved 1228800K
  class space    used 31240K, committed 32000K, reserved 1048576K
}
Event: 2958.701 GC heap after
{Heap after GC invocations=654 (full 0):
 garbage-first heap   total 2981888K, used 2250204K [0x0000000418000000, 0x0000000800000000)
  region size 8192K, 1 young (8192K), 1 survivors (8192K)
 Metaspace       used 206148K, committed 207808K, reserved 1228800K
  class space    used 31240K, committed 32000K, reserved 1048576K
}
Event: 2961.584 GC heap before
{Heap before GC invocations=654 (full 0):
 garbage-first heap   total 2981888K, used 2659804K [0x0000000418000000, 0x0000000800000000)
  region size 8192K, 51 young (417792K), 1 survivors (8192K)
 Metaspace       used 206148K, committed 207808K, reserved 1228800K
  class space    used 31240K, committed 32000K, reserved 1048576K
}
Event: 2961.585 GC heap after
{Heap after GC invocations=655 (full 0):
 garbage-first heap   total 2981888K, used 2250188K [0x0000000418000000, 0x0000000800000000)
  region size 8192K, 1 young (8192K), 1 survivors (8192K)
 Metaspace       used 206148K, committed 207808K, reserved 1228800K
  class space    used 31240K, committed 32000K, reserved 1048576K
}
Event: 2964.481 GC heap before
{Heap before GC invocations=655 (full 0):
 garbage-first heap   total 2981888K, used 2659788K [0x0000000418000000, 0x0000000800000000)
  region size 8192K, 51 young (417792K), 1 survivors (8192K)
 Metaspace       used 206148K, committed 207808K, reserved 1228800K
  class space    used 31240K, committed 32000K, reserved 1048576K
}
Event: 2964.482 GC heap after
{Heap after GC invocations=656 (full 0):
 garbage-first heap   total 2981888K, used 2250175K [0x0000000418000000, 0x0000000800000000)
  region size 8192K, 1 young (8192K), 1 survivors (8192K)
 Metaspace       used 206148K, committed 207808K, reserved 1228800K
  class space    used 31240K, committed 32000K, reserved 1048576K
}
Event: 2967.365 GC heap before
{Heap before GC invocations=656 (full 0):
 garbage-first heap   total 2981888K, used 2659775K [0x0000000418000000, 0x0000000800000000)
  region size 8192K, 51 young (417792K), 1 survivors (8192K)
 Metaspace       used 206148K, committed 207808K, reserved 1228800K
  class space    used 31240K, committed 32000K, reserved 1048576K
}
Event: 2967.366 GC heap after
{Heap after GC invocations=657 (full 0):
 garbage-first heap   total 2981888K, used 2250419K [0x0000000418000000, 0x0000000800000000)
  region size 8192K, 1 young (8192K), 1 survivors (8192K)
 Metaspace       used 206148K, committed 207808K, reserved 1228800K
  class space    used 31240K, committed 32000K, reserved 1048576K
}
Event: 2970.628 GC heap before
{Heap before GC invocations=657 (full 0):
 garbage-first heap   total 2981888K, used 2660019K [0x0000000418000000, 0x0000000800000000)
  region size 8192K, 51 young (417792K), 1 survivors (8192K)
 Metaspace       used 206149K, committed 207808K, reserved 1228800K
  class space    used 31240K, committed 32000K, reserved 1048576K
}

