# JRE version: OpenJDK Runtime Environment Temurin-17.0.1+12 (17.0.1+12) (build 17.0.1+12)
# Java VM: OpenJDK 64-Bit Server VM Temurin-17.0.1+12 (17.0.1+12, mixed mode, sharing, tiered, compressed oops, compressed class ptrs, g1 gc, windows-amd64)
GC Precious Log:
 CPUs: 16 total, 16 available
 Memory: 32717M
 Large Page Support: Disabled
 NUMA Support: Disabled
 Compressed Oops: Enabled (Zero based)
 Heap Region Size: 8M
 Heap Min Capacity: 160M
 Heap Initial Capacity: 160M
 Heap Max Capacity: 16000M
 Pre-touch: Disabled
 Parallel Workers: 13
 Concurrent Workers: 3
 Concurrent Refinement Workers: 13
 Periodic GC: Disabled
Heap:
 garbage-first heap   total 3358720K, used 3012695K [0x0000000418000000, 0x0000000800000000)
  region size 8192K, 54 young (442368K), 1 survivors (8192K)
 Metaspace       used 205613K, committed 207168K, reserved 1228800K
  class space    used 31081K, committed 31808K, reserved 1048576K
GC Heap History (20 events):
Event: 5016.485 GC heap after
{Heap after GC invocations=959 (full 0):
 garbage-first heap   total 3358720K, used 2574696K [0x0000000418000000, 0x0000000800000000)
  region size 8192K, 1 young (8192K), 1 survivors (8192K)
 Metaspace       used 205582K, committed 207168K, reserved 1228800K
  class space    used 31080K, committed 31808K, reserved 1048576K
}
Event: 5019.996 GC heap before
{Heap before GC invocations=959 (full 0):
 garbage-first heap   total 3358720K, used 3008872K [0x0000000418000000, 0x0000000800000000)
  region size 8192K, 54 young (442368K), 1 survivors (8192K)
 Metaspace       used 205601K, committed 207168K, reserved 1228800K
  class space    used 31081K, committed 31808K, reserved 1048576K
}
Event: 5019.997 GC heap after
{Heap after GC invocations=960 (full 0):
 garbage-first heap   total 3358720K, used 2575421K [0x0000000418000000, 0x0000000800000000)
  region size 8192K, 1 young (8192K), 1 survivors (8192K)
 Metaspace       used 205601K, committed 207168K, reserved 1228800K
  class space    used 31081K, committed 31808K, reserved 1048576K
}
Event: 5022.946 GC heap before
{Heap before GC invocations=960 (full 0):
 garbage-first heap   total 3358720K, used 3009597K [0x0000000418000000, 0x0000000800000000)
  region size 8192K, 54 young (442368K), 1 survivors (8192K)
 Metaspace       used 205607K, committed 207168K, reserved 1228800K
  class space    used 31081K, committed 31808K, reserved 1048576K
}
Event: 5022.947 GC heap after
{Heap after GC invocations=961 (full 0):
 garbage-first heap   total 3358720K, used 2575495K [0x0000000418000000, 0x0000000800000000)
  region size 8192K, 1 young (8192K), 1 survivors (8192K)
 Metaspace       used 205607K, committed 207168K, reserved 1228800K
  class space    used 31081K, committed 31808K, reserved 1048576K
}
Event: 5026.114 GC heap before
{Heap before GC invocations=961 (full 0):
 garbage-first heap   total 3358720K, used 3009671K [0x0000000418000000, 0x0000000800000000)
  region size 8192K, 54 young (442368K), 1 survivors (8192K)
 Metaspace       used 205609K, committed 207168K, reserved 1228800K
  class space    used 31081K, committed 31808K, reserved 1048576K
}
Event: 5026.116 GC heap after
{Heap after GC invocations=962 (full 0):
 garbage-first heap   total 3358720K, used 2576721K [0x0000000418000000, 0x0000000800000000)
  region size 8192K, 1 young (8192K), 1 survivors (8192K)
 Metaspace       used 205609K, committed 207168K, reserved 1228800K
  class space    used 31081K, committed 31808K, reserved 1048576K
}
Event: 5029.621 GC heap before
{Heap before GC invocations=962 (full 0):
 garbage-first heap   total 3358720K, used 3002705K [0x0000000418000000, 0x0000000800000000)
  region size 8192K, 53 young (434176K), 1 survivors (8192K)
 Metaspace       used 205613K, committed 207168K, reserved 1228800K
  class space    used 31081K, committed 31808K, reserved 1048576K
}
Event: 5029.623 GC heap after
{Heap after GC invocations=963 (full 0):
 garbage-first heap   total 3358720K, used 2577768K [0x0000000418000000, 0x0000000800000000)
  region size 8192K, 1 young (8192K), 1 survivors (8192K)
 Metaspace       used 205613K, committed 207168K, reserved 1228800K
  class space    used 31081K, committed 31808K, reserved 1048576K
}
Event: 5032.617 GC heap before
{Heap before GC invocations=963 (full 0):
 garbage-first heap   total 3358720K, used 3003752K [0x0000000418000000, 0x0000000800000000)
  region size 8192K, 53 young (434176K), 1 survivors (8192K)
 Metaspace       used 205613K, committed 207168K, reserved 1228800K
  class space    used 31081K, committed 31808K, reserved 1048576K
}
Event: 5032.619 GC heap after
{Heap after GC invocations=964 (full 0):
 garbage-first heap   total 3358720K, used 2577837K [0x0000000418000000, 0x0000000800000000)
  region size 8192K, 1 young (8192K), 1 survivors (8192K)
 Metaspace       used 205613K, committed 207168K, reserved 1228800K
  class space    used 31081K, committed 31808K, reserved 1048576K
}
Event: 5036.176 GC heap before
{Heap before GC invocations=964 (full 0):
 garbage-first heap   total 3358720K, used 3003821K [0x0000000418000000, 0x0000000800000000)
  region size 8192K, 53 young (434176K), 1 survivors (8192K)
 Metaspace       used 205613K, committed 207168K, reserved 1228800K
  class space    used 31081K, committed 31808K, reserved 1048576K
}
Event: 5036.178 GC heap after
{Heap after GC invocations=965 (full 0):
 garbage-first heap   total 3358720K, used 2577834K [0x0000000418000000, 0x0000000800000000)
  region size 8192K, 1 young (8192K), 1 survivors (8192K)
 Metaspace       used 205613K, committed 207168K, reserved 1228800K
  class space    used 31081K, committed 31808K, reserved 1048576K
}
Event: 5039.305 GC heap before
{Heap before GC invocations=965 (full 0):
 garbage-first heap   total 3358720K, used 3012010K [0x0000000418000000, 0x0000000800000000)
  region size 8192K, 54 young (442368K), 1 survivors (8192K)
 Metaspace       used 205613K, committed 207168K, reserved 1228800K
  class space    used 31081K, committed 31808K, reserved 1048576K
}
Event: 5039.307 GC heap after
{Heap after GC invocations=966 (full 0):
 garbage-first heap   total 3358720K, used 2577924K [0x0000000418000000, 0x0000000800000000)
  region size 8192K, 1 young (8192K), 1 survivors (8192K)
 Metaspace       used 205613K, committed 207168K, reserved 1228800K
  class space    used 31081K, committed 31808K, reserved 1048576K
}
Event: 5042.038 GC heap before
{Heap before GC invocations=966 (full 0):
 garbage-first heap   total 3358720K, used 3012100K [0x0000000418000000, 0x0000000800000000)
  region size 8192K, 54 young (442368K), 1 survivors (8192K)
 Metaspace       used 205613K, committed 207168K, reserved 1228800K
  class space    used 31081K, committed 31808K, reserved 1048576K
}
Event: 5042.040 GC heap after
{Heap after GC invocations=967 (full 0):
 garbage-first heap   total 3358720K, used 2581248K [0x0000000418000000, 0x0000000800000000)
  region size 8192K, 2 young (16384K), 2 survivors (16384K)
 Metaspace       used 205613K, committed 207168K, reserved 1228800K
  class space    used 31081K, committed 31808K, reserved 1048576K
}
Event: 5044.092 GC heap before
{Heap before GC invocations=967 (full 0):
 garbage-first heap   total 3358720K, used 2999040K [0x0000000418000000, 0x0000000800000000)
  region size 8192K, 53 young (434176K), 2 survivors (16384K)
 Metaspace       used 205613K, committed 207168K, reserved 1228800K
  class space    used 31081K, committed 31808K, reserved 1048576K
}
Event: 5044.094 GC heap after
{Heap after GC invocations=968 (full 0):
 garbage-first heap   total 3358720K, used 2578519K [0x0000000418000000, 0x0000000800000000)
  region size 8192K, 1 young (8192K), 1 survivors (8192K)
 Metaspace       used 205613K, committed 207168K, reserved 1228800K
  class space    used 31081K, committed 31808K, reserved 1048576K
}
Event: 5045.285 GC heap before
{Heap before GC invocations=968 (full 0):
 garbage-first heap   total 3358720K, used 3012695K [0x0000000418000000, 0x0000000800000000)
  region size 8192K, 54 young (442368K), 1 survivors (8192K)
 Metaspace       used 205613K, committed 207168K, reserved 1228800K
  class space    used 31081K, committed 31808K, reserved 1048576K
}

